app/build/intermediates/manifest_merge_blame_file/release/manifest-merger-blame-release-report.txt
1<?xml version="1.0" encoding="utf-8"?>
2<manifest xmlns:android="http://schemas.android.com/apk/res/android"
3    package="com.parad1stgames.game"
4    android:versionCode="10"
5    android:versionName="parad1st-games-0.1" >
6
7    <uses-sdk
8        android:minSdkVersion="21"
8-->src\main\AndroidManifest.xml
9        android:targetSdkVersion="28" />
9-->src\main\AndroidManifest.xml
10
11    <uses-permission android:name="android.permission.WAKE_LOCK" />
11-->src\main\AndroidManifest.xml:5:5-68
11-->src\main\AndroidManifest.xml:5:22-65
12    <uses-permission android:name="android.permission.ACCESS_WIFI_STATE" />
12-->src\main\AndroidManifest.xml:6:5-76
12-->src\main\AndroidManifest.xml:6:22-73
13    <uses-permission android:name="android.permission.WRITE_EXTERNAL_STORAGE" />
13-->src\main\AndroidManifest.xml:7:5-81
13-->src\main\AndroidManifest.xml:7:22-78
14    <uses-permission android:name="android.permission.READ_EXTERNAL_STORAGE" />
14-->src\main\AndroidManifest.xml:8:5-80
14-->src\main\AndroidManifest.xml:8:22-77
15    <uses-permission android:name="android.permission.INTERNET" />
15-->src\main\AndroidManifest.xml:9:5-67
15-->src\main\AndroidManifest.xml:9:22-64
16    <uses-permission android:name="android.permission.REQUEST_INSTALL_PACKAGES" />
16-->src\main\AndroidManifest.xml:10:5-83
16-->src\main\AndroidManifest.xml:10:22-80
17    <uses-permission android:name="android.permission.REQUEST_DELETE_PACKAGES" />
17-->src\main\AndroidManifest.xml:11:5-82
17-->src\main\AndroidManifest.xml:11:22-79
18    <uses-permission android:name="android.permission.VIBRATE" />
18-->src\main\AndroidManifest.xml:12:5-66
18-->src\main\AndroidManifest.xml:12:22-63
19    <uses-permission android:name="android.permission.ACCESS_NETWORK_STATE" />
19-->src\main\AndroidManifest.xml:13:5-79
19-->src\main\AndroidManifest.xml:13:22-76
20    <uses-permission android:name="com.android.vending.CHECK_LICENSE" />
20-->src\main\AndroidManifest.xml:14:5-73
20-->src\main\AndroidManifest.xml:14:22-70
21    <uses-permission android:name="android.permission.GET_ACCOUNTS" />
21-->src\main\AndroidManifest.xml:15:5-71
21-->src\main\AndroidManifest.xml:15:22-68
22    <uses-permission android:name="android.permission.BLUETOOTH" />
22-->src\main\AndroidManifest.xml:16:5-68
22-->src\main\AndroidManifest.xml:16:22-65
23    <uses-permission android:name="android.permission.RECORD_AUDIO" />
23-->src\main\AndroidManifest.xml:17:5-71
23-->src\main\AndroidManifest.xml:17:22-68
24
25    <uses-feature android:glEsVersion="0x00020000" />
25-->src\main\AndroidManifest.xml:19:5-54
25-->src\main\AndroidManifest.xml:19:19-51
26    <uses-feature
26-->src\main\AndroidManifest.xml:20:5-22:36
27        android:name="android.hardware.touchscreen"
27-->src\main\AndroidManifest.xml:21:9-52
28        android:required="false" />
28-->src\main\AndroidManifest.xml:22:9-33
29
30    <supports-screens
30-->src\main\AndroidManifest.xml:24:5-29:39
31        android:anyDensity="true"
31-->src\main\AndroidManifest.xml:25:9-34
32        android:largeScreens="true"
32-->src\main\AndroidManifest.xml:26:9-36
33        android:normalScreens="true"
33-->src\main\AndroidManifest.xml:27:9-37
34        android:resizeable="true"
34-->src\main\AndroidManifest.xml:28:9-34
35        android:smallScreens="true" />
35-->src\main\AndroidManifest.xml:29:9-36
36
37    <!-- To allow starting foreground services on Android P+ - https://developer.android.com/preview/behavior-changes#fg-svc -->
38    <uses-permission android:name="android.permission.FOREGROUND_SERVICE" />
38-->[com.liulishuo.filedownloader:library:1.7.7] AndroidManifest.xml:9:5-77
38-->[com.liulishuo.filedownloader:library:1.7.7] AndroidManifest.xml:9:22-74
39
40    <application
40-->src\main\AndroidManifest.xml:31:5-87:19
41        android:allowBackup="true"
41-->[com.github.Triggertrap:SeekArc:v1.1] AndroidManifest.xml:35:9-35
42        android:appComponentFactory="androidx.core.app.CoreComponentFactory"
42-->[androidx.core:core:1.3.1] AndroidManifest.xml:24:18-86
43        android:hardwareAccelerated="false"
43-->src\main\AndroidManifest.xml:32:9-44
44        android:icon="@drawable/ic_launcher"
44-->src\main\AndroidManifest.xml:33:9-45
45        android:isGame="true"
45-->src\main\AndroidManifest.xml:34:9-30
46        android:label="@string/app_name"
46-->src\main\AndroidManifest.xml:35:9-41
47        android:largeHeap="true"
47-->src\main\AndroidManifest.xml:36:9-33
48        android:logo="@drawable/adtlogo"
48-->src\main\AndroidManifest.xml:37:9-41
49        android:requestLegacyExternalStorage="true"
49-->src\main\AndroidManifest.xml:39:9-52
50        android:supportsRtl="true"
50-->[com.github.smarteist:autoimageslider:1.4.0] AndroidManifest.xml:14:9-35
51        android:usesCleartextTraffic="true" >
51-->src\main\AndroidManifest.xml:38:9-44
52        <activity
52-->src\main\AndroidManifest.xml:40:9-44:82
53            android:name="com.byparad1st.launcher.activity.StoryActivity"
53-->src\main\AndroidManifest.xml:41:13-74
54            android:exported="false"
54-->src\main\AndroidManifest.xml:42:13-37
55            android:screenOrientation="portrait"
55-->src\main\AndroidManifest.xml:43:13-49
56            android:theme="@style/Theme.AppCompat.Light.NoActionBar.FullScreen" />
56-->src\main\AndroidManifest.xml:44:13-80
57
58        <provider
58-->src\main\AndroidManifest.xml:46:9-54:20
59            android:name="androidx.core.content.FileProvider"
59-->src\main\AndroidManifest.xml:47:13-62
60            android:authorities="com.byparad1st.game.provider"
60-->src\main\AndroidManifest.xml:48:13-63
61            android:exported="false"
61-->src\main\AndroidManifest.xml:49:13-37
62            android:grantUriPermissions="true" >
62-->src\main\AndroidManifest.xml:50:13-47
63            <meta-data
63-->src\main\AndroidManifest.xml:51:13-53:58
64                android:name="android.support.FILE_PROVIDER_PATHS"
64-->src\main\AndroidManifest.xml:52:17-67
65                android:resource="@xml/provider_paths" />
65-->src\main\AndroidManifest.xml:53:17-55
66        </provider>
67
68        <activity
68-->src\main\AndroidManifest.xml:56:9-59:92
69            android:name="com.byparad1st.game.core.GTASA"
69-->src\main\AndroidManifest.xml:57:13-58
70            android:screenOrientation="landscape"
70-->src\main\AndroidManifest.xml:58:13-50
71            android:theme="@style/Theme.AppCompat.Light.NoActionBar.FullScreen" />
71-->src\main\AndroidManifest.xml:59:13-80
72        <activity
72-->src\main\AndroidManifest.xml:60:9-65:20
73            android:name="com.byparad1st.launcher.activity.SplashActivity"
73-->src\main\AndroidManifest.xml:61:13-75
74            android:exported="true"
74-->src\main\AndroidManifest.xml:62:13-36
75            android:screenOrientation="portrait"
75-->src\main\AndroidManifest.xml:63:13-49
76            android:theme="@style/AppTheme.WithSplash" >
76-->src\main\AndroidManifest.xml:64:13-55
77        </activity>
78        <activity
78-->src\main\AndroidManifest.xml:66:9-75:20
79            android:name="com.byparad1st.launcher.activity.MainActivity"
79-->src\main\AndroidManifest.xml:67:13-73
80            android:exported="true"
80-->src\main\AndroidManifest.xml:68:13-36
81            android:screenOrientation="landscape"
81-->src\main\AndroidManifest.xml:69:13-50
82            android:theme="@style/AppTheme.NoActionBar" >
82-->src\main\AndroidManifest.xml:70:13-56
83            <intent-filter>
83-->src\main\AndroidManifest.xml:71:13-74:29
84                <action android:name="android.intent.action.MAIN" />
84-->src\main\AndroidManifest.xml:72:17-69
84-->src\main\AndroidManifest.xml:72:25-66
85
86                <category android:name="android.intent.category.LAUNCHER" />
86-->src\main\AndroidManifest.xml:73:17-77
86-->src\main\AndroidManifest.xml:73:27-74
87            </intent-filter>
88        </activity>
89        <activity
89-->src\main\AndroidManifest.xml:76:9-79:59
90            android:name="com.byparad1st.launcher.activity.LoaderActivity"
90-->src\main\AndroidManifest.xml:77:13-75
91            android:screenOrientation="landscape"
91-->src\main\AndroidManifest.xml:78:13-50
92            android:theme="@style/AppTheme.NoActionBar" />
92-->src\main\AndroidManifest.xml:79:13-56
93
94        <meta-data
94-->src\main\AndroidManifest.xml:81:9-83:35
95            android:name="android.max_aspect"
95-->src\main\AndroidManifest.xml:82:13-46
96            android:value="2.1" />
96-->src\main\AndroidManifest.xml:83:13-32
97        <meta-data
97-->src\main\AndroidManifest.xml:84:9-86:57
98            android:name="preloaded_fonts"
98-->src\main\AndroidManifest.xml:85:13-43
99            android:resource="@array/preloaded_fonts" />
99-->src\main\AndroidManifest.xml:86:13-54
100
101        <service
101-->[com.google.firebase:firebase-database:20.0.4] AndroidManifest.xml:29:9-35:19
102            android:name="com.google.firebase.components.ComponentDiscoveryService"
102-->[com.google.firebase:firebase-database:20.0.4] AndroidManifest.xml:30:13-84
103            android:directBootAware="true"
103-->[com.google.firebase:firebase-common:20.1.0] AndroidManifest.xml:35:13-43
104            android:exported="false" >
104-->[com.google.firebase:firebase-database:20.0.4] AndroidManifest.xml:31:13-37
105            <meta-data
105-->[com.google.firebase:firebase-database:20.0.4] AndroidManifest.xml:32:13-34:85
106                android:name="com.google.firebase.components:com.google.firebase.database.DatabaseRegistrar"
106-->[com.google.firebase:firebase-database:20.0.4] AndroidManifest.xml:33:17-109
107                android:value="com.google.firebase.components.ComponentRegistrar" />
107-->[com.google.firebase:firebase-database:20.0.4] AndroidManifest.xml:34:17-82
108            <meta-data
108-->[com.google.firebase:firebase-crashlytics:18.2.9] AndroidManifest.xml:18:13-20:85
109                android:name="com.google.firebase.components:com.google.firebase.crashlytics.CrashlyticsRegistrar"
109-->[com.google.firebase:firebase-crashlytics:18.2.9] AndroidManifest.xml:19:17-115
110                android:value="com.google.firebase.components.ComponentRegistrar" />
110-->[com.google.firebase:firebase-crashlytics:18.2.9] AndroidManifest.xml:20:17-82
111            <meta-data
111-->[com.google.firebase:firebase-installations:17.0.1] AndroidManifest.xml:18:13-20:85
112                android:name="com.google.firebase.components:com.google.firebase.installations.FirebaseInstallationsRegistrar"
112-->[com.google.firebase:firebase-installations:17.0.1] AndroidManifest.xml:19:17-127
113                android:value="com.google.firebase.components.ComponentRegistrar" />
113-->[com.google.firebase:firebase-installations:17.0.1] AndroidManifest.xml:20:17-82
114        </service>
115        <service android:name="com.liulishuo.filedownloader.services.FileDownloadService$SharedMainProcessService" />
115-->[com.liulishuo.filedownloader:library:1.7.7] AndroidManifest.xml:12:9-118
115-->[com.liulishuo.filedownloader:library:1.7.7] AndroidManifest.xml:12:18-115
116        <service
116-->[com.liulishuo.filedownloader:library:1.7.7] AndroidManifest.xml:13:9-15:49
117            android:name="com.liulishuo.filedownloader.services.FileDownloadService$SeparateProcessService"
117-->[com.liulishuo.filedownloader:library:1.7.7] AndroidManifest.xml:14:13-108
118            android:process=":filedownloader" />
118-->[com.liulishuo.filedownloader:library:1.7.7] AndroidManifest.xml:15:13-46
119        <service
119-->[com.google.android.datatransport:transport-backend-cct:3.1.2] AndroidManifest.xml:29:9-35:19
120            android:name="com.google.android.datatransport.runtime.backends.TransportBackendDiscovery"
120-->[com.google.android.datatransport:transport-backend-cct:3.1.2] AndroidManifest.xml:30:13-103
121            android:exported="false" >
121-->[com.google.android.datatransport:transport-backend-cct:3.1.2] AndroidManifest.xml:31:13-37
122            <meta-data
122-->[com.google.android.datatransport:transport-backend-cct:3.1.2] AndroidManifest.xml:32:13-34:39
123                android:name="backend:com.google.android.datatransport.cct.CctBackendFactory"
123-->[com.google.android.datatransport:transport-backend-cct:3.1.2] AndroidManifest.xml:33:17-94
124                android:value="cct" />
124-->[com.google.android.datatransport:transport-backend-cct:3.1.2] AndroidManifest.xml:34:17-36
125        </service>
126        <service
126-->[com.google.android.datatransport:transport-runtime:3.1.2] AndroidManifest.xml:26:9-30:19
127            android:name="com.google.android.datatransport.runtime.scheduling.jobscheduling.JobInfoSchedulerService"
127-->[com.google.android.datatransport:transport-runtime:3.1.2] AndroidManifest.xml:27:13-117
128            android:exported="false"
128-->[com.google.android.datatransport:transport-runtime:3.1.2] AndroidManifest.xml:28:13-37
129            android:permission="android.permission.BIND_JOB_SERVICE" >
129-->[com.google.android.datatransport:transport-runtime:3.1.2] AndroidManifest.xml:29:13-69
130        </service>
131
132        <receiver
132-->[com.google.android.datatransport:transport-runtime:3.1.2] AndroidManifest.xml:32:9-34:40
133            android:name="com.google.android.datatransport.runtime.scheduling.jobscheduling.AlarmManagerSchedulerBroadcastReceiver"
133-->[com.google.android.datatransport:transport-runtime:3.1.2] AndroidManifest.xml:33:13-132
134            android:exported="false" />
134-->[com.google.android.datatransport:transport-runtime:3.1.2] AndroidManifest.xml:34:13-37
135
136        <provider
136-->[com.google.firebase:firebase-common:20.1.0] AndroidManifest.xml:26:9-31:39
137            android:name="com.google.firebase.provider.FirebaseInitProvider"
137-->[com.google.firebase:firebase-common:20.1.0] AndroidManifest.xml:27:13-77
138            android:authorities="com.parad1stgames.game.firebaseinitprovider"
138-->[com.google.firebase:firebase-common:20.1.0] AndroidManifest.xml:28:13-72
139            android:directBootAware="true"
139-->[com.google.firebase:firebase-common:20.1.0] AndroidManifest.xml:29:13-43
140            android:exported="false"
140-->[com.google.firebase:firebase-common:20.1.0] AndroidManifest.xml:30:13-37
141            android:initOrder="100" />
141-->[com.google.firebase:firebase-common:20.1.0] AndroidManifest.xml:31:13-36
142
143        <activity
143-->[com.google.android.gms:play-services-base:18.0.1] AndroidManifest.xml:20:9-22:45
144            android:name="com.google.android.gms.common.api.GoogleApiActivity"
144-->[com.google.android.gms:play-services-base:18.0.1] AndroidManifest.xml:20:19-85
145            android:exported="false"
145-->[com.google.android.gms:play-services-base:18.0.1] AndroidManifest.xml:22:19-43
146            android:theme="@android:style/Theme.Translucent.NoTitleBar" />
146-->[com.google.android.gms:play-services-base:18.0.1] AndroidManifest.xml:21:19-78
147
148        <meta-data
148-->[com.google.android.gms:play-services-basement:18.0.0] AndroidManifest.xml:21:9-23:69
149            android:name="com.google.android.gms.version"
149-->[com.google.android.gms:play-services-basement:18.0.0] AndroidManifest.xml:22:13-58
150            android:value="@integer/google_play_services_version" />
150-->[com.google.android.gms:play-services-basement:18.0.0] AndroidManifest.xml:23:13-66
151    </application>
152
153</manifest>